16:07:09:696 INF SourceBuilder Processing ClockDomain
16:08:07:871 INF SourceBuilder Processing ClockDomain
16:08:07:878 ERR SourceBuilder Pure.DI.Core.HandledException: Cannot resolve a dependency of the type Clock.Models.IClock. Please add an appropriate binding, remove this dependency or rely on a fallback strategy.
   at Pure.DI.Core.DefaultDiagnostic.Error(String id, String message, Location location)
   at Pure.DI.Core.TypeResolver.Resolve(SemanticType dependency, ExpressionSyntax tag, ImmutableArray`1 resolveLocations, Boolean anyTag, Boolean probe)
   at Pure.DI.Core.AutowiringObjectBuilder.ResolveInstance(ISymbol target, Dependency targetDependency, ITypeSymbol defaultType, ITypeResolver typeResolver, IBuildStrategy buildStrategy, ImmutableArray`1 resolveLocations)
   at Pure.DI.Core.AutowiringObjectBuilder.<>c__DisplayClass8_0.<ResolveMethodParameters>b__0(IParameterSymbol parameter)
   at System.Linq.Enumerable.WhereSelectArrayIterator`2.MoveNext()
   at System.Linq.Enumerable.All[TSource](IEnumerable`1 source, Func`2 predicate)
   at Pure.DI.Core.AutowiringObjectBuilder.<>c.<Build>b__6_1(<>f__AnonymousType5`2 <>h__TransparentIdentifier0)
   at System.Linq.Enumerable.WhereSelectEnumerableIterator`2.MoveNext()
   at System.Linq.Enumerable.FirstOrDefault[TSource](IEnumerable`1 source)
   at Pure.DI.Core.AutowiringObjectBuilder.Build(IBuildStrategy buildStrategy, Dependency dependency)
   at Pure.DI.Core.MicrosoftDependencyInjectionBuilder.<BuildMembers>d__8.MoveNext()
   at System.Linq.Enumerable.<SelectManyIterator>d__17`2.MoveNext()
   at System.Linq.Buffer`1..ctor(IEnumerable`1 source)
   at System.Linq.Enumerable.ToArray[TSource](IEnumerable`1 source)
   at Pure.DI.Core.ClassBuilder.Build(SemanticModel semanticModel)
   at Pure.DI.Core.SourceBuilder.<Build>d__13.MoveNext()
16:08:09:559 INF SourceBuilder Processing ClockDomain
16:08:09:584 ERR SourceBuilder Pure.DI.Core.HandledException: Cannot resolve a dependency of the type Clock.Models.IClock. Please add an appropriate binding, remove this dependency or rely on a fallback strategy.
   at Pure.DI.Core.DefaultDiagnostic.Error(String id, String message, Location location)
   at Pure.DI.Core.TypeResolver.Resolve(SemanticType dependency, ExpressionSyntax tag, ImmutableArray`1 resolveLocations, Boolean anyTag, Boolean probe)
   at Pure.DI.Core.AutowiringObjectBuilder.ResolveInstance(ISymbol target, Dependency targetDependency, ITypeSymbol defaultType, ITypeResolver typeResolver, IBuildStrategy buildStrategy, ImmutableArray`1 resolveLocations)
   at Pure.DI.Core.AutowiringObjectBuilder.<>c__DisplayClass8_0.<ResolveMethodParameters>b__0(IParameterSymbol parameter)
   at System.Linq.Enumerable.WhereSelectArrayIterator`2.MoveNext()
   at System.Linq.Enumerable.All[TSource](IEnumerable`1 source, Func`2 predicate)
   at Pure.DI.Core.AutowiringObjectBuilder.<>c.<Build>b__6_1(<>f__AnonymousType5`2 <>h__TransparentIdentifier0)
   at System.Linq.Enumerable.WhereSelectEnumerableIterator`2.MoveNext()
   at System.Linq.Enumerable.FirstOrDefault[TSource](IEnumerable`1 source)
   at Pure.DI.Core.AutowiringObjectBuilder.Build(IBuildStrategy buildStrategy, Dependency dependency)
   at Pure.DI.Core.MicrosoftDependencyInjectionBuilder.<BuildMembers>d__8.MoveNext()
   at System.Linq.Enumerable.<SelectManyIterator>d__17`2.MoveNext()
   at System.Linq.Buffer`1..ctor(IEnumerable`1 source)
   at System.Linq.Enumerable.ToArray[TSource](IEnumerable`1 source)
   at Pure.DI.Core.ClassBuilder.Build(SemanticModel semanticModel)
   at Pure.DI.Core.SourceBuilder.<Build>d__13.MoveNext()
00:07:50:958 INF SourceBuilder Processing ClockDomain
00:07:50:966 ERR SourceBuilder Pure.DI.Core.HandledException: Cannot resolve a dependency of the type Clock.Models.IClock. Please add an appropriate binding, remove this dependency or rely on a fallback strategy.
   at Pure.DI.Core.DefaultDiagnostic.Error(String id, String message, Location location)
   at Pure.DI.Core.TypeResolver.Resolve(SemanticType dependency, ExpressionSyntax tag, ImmutableArray`1 resolveLocations, Boolean anyTag, Boolean probe)
   at Pure.DI.Core.AutowiringObjectBuilder.ResolveInstance(ISymbol target, Dependency targetDependency, ITypeSymbol defaultType, ITypeResolver typeResolver, IBuildStrategy buildStrategy, ImmutableArray`1 resolveLocations)
   at Pure.DI.Core.AutowiringObjectBuilder.<>c__DisplayClass8_0.<ResolveMethodParameters>b__0(IParameterSymbol parameter)
   at System.Linq.Enumerable.WhereSelectArrayIterator`2.MoveNext()
   at System.Linq.Enumerable.All[TSource](IEnumerable`1 source, Func`2 predicate)
   at Pure.DI.Core.AutowiringObjectBuilder.<>c.<Build>b__6_1(<>f__AnonymousType5`2 <>h__TransparentIdentifier0)
   at System.Linq.Enumerable.WhereSelectEnumerableIterator`2.MoveNext()
   at System.Linq.Enumerable.FirstOrDefault[TSource](IEnumerable`1 source)
   at Pure.DI.Core.AutowiringObjectBuilder.Build(IBuildStrategy buildStrategy, Dependency dependency)
   at Pure.DI.Core.MicrosoftDependencyInjectionBuilder.<BuildMembers>d__8.MoveNext()
   at System.Linq.Enumerable.<SelectManyIterator>d__17`2.MoveNext()
   at System.Linq.Buffer`1..ctor(IEnumerable`1 source)
   at System.Linq.Enumerable.ToArray[TSource](IEnumerable`1 source)
   at Pure.DI.Core.ClassBuilder.Build(SemanticModel semanticModel)
   at Pure.DI.Core.SourceBuilder.<Build>d__13.MoveNext()
11:18:34:721 INF SourceBuilder Processing ClockDomain
11:18:34:724 ERR SourceBuilder Pure.DI.Core.HandledException: Cannot resolve a dependency of the type int. Please add an appropriate binding, remove this dependency or rely on a fallback strategy.
   at Pure.DI.Core.DefaultDiagnostic.Error(String id, String message, Location location)
   at Pure.DI.Core.TypeResolver.Resolve(SemanticType dependency, ExpressionSyntax tag, ImmutableArray`1 resolveLocations, Boolean anyTag, Boolean probe)
   at Pure.DI.Core.AutowiringObjectBuilder.ResolveInstance(ISymbol target, Dependency targetDependency, ITypeSymbol defaultType, ITypeResolver typeResolver, IBuildStrategy buildStrategy, ImmutableArray`1 resolveLocations)
   at Pure.DI.Core.AutowiringObjectBuilder.<>c__DisplayClass8_0.<ResolveMethodParameters>b__0(IParameterSymbol parameter)
   at System.Linq.Enumerable.WhereSelectArrayIterator`2.MoveNext()
   at System.Linq.Enumerable.All[TSource](IEnumerable`1 source, Func`2 predicate)
   at Pure.DI.Core.AutowiringObjectBuilder.<>c.<Build>b__6_1(<>f__AnonymousType5`2 <>h__TransparentIdentifier0)
   at System.Linq.Enumerable.WhereSelectEnumerableIterator`2.MoveNext()
   at System.Linq.Enumerable.FirstOrDefault[TSource](IEnumerable`1 source)
   at Pure.DI.Core.AutowiringObjectBuilder.Build(IBuildStrategy buildStrategy, Dependency dependency)
   at Pure.DI.Core.BuildStrategy.Build(Dependency dependency)
   at Pure.DI.Core.BindingsProbe.Probe()
   at Pure.DI.Core.ClassBuilder.Build(SemanticModel semanticModel)
   at Pure.DI.Core.SourceBuilder.<Build>d__13.MoveNext()
